<?xml version="1.0" encoding="UTF-8"?>
<testsuite xmlns:xsi="http://www.w3.org/2001/XMLSchema-instance" xsi:noNamespaceSchemaLocation="https://maven.apache.org/surefire/maven-surefire-plugin/xsd/surefire-test-report-3.0.xsd" version="3.0" name="com.exampleone.pcb.PcbApplicationTests" time="7.517" tests="1" errors="0" skipped="0" failures="0">
  <properties>
[...]
</properties>
  <testcase name="contextLoads" classname="com.exampleone.pcb.PcbApplicationTests" time="1.742">
    <system-out><![CDATA[11:28:14.287 [main] INFO org.springframework.test.context.support.AnnotationConfigContextLoaderUtils -- Could not detect default configuration classes for test class [com.exampleone.pcb.PcbApplicationTests]: PcbApplicationTests does not declare any static, non-private, non-final, nested classes annotated with @Configuration.
11:28:14.561 [main] INFO org.springframework.boot.test.context.SpringBootTestContextBootstrapper -- Found @SpringBootConfiguration com.exampleone.pcb.PcbApplication for test class com.exampleone.pcb.PcbApplicationTests
11:28:14.927 [main] INFO org.springframework.boot.devtools.restart.RestartApplicationListener -- Restart disabled due to context in which it is running
  .   ____          _            __ _ _
 /\\ / ___'_ __ _ _(_)_ __  __ _ \ \ \ \
( ( )\___ | '_ | '_| | '_ \/ _` | \ \ \ \
 \\/  ___)| |_)| | | | | || (_| |  ) ) ) )
  '  |____| .__|_| |_|_| |_\__, | / / / /
 =========|_|==============|___/=/_/_/_/

 :: Spring Boot ::                (v3.3.0)

2024-07-12T11:28:15.452+05:30  INFO 17740 --- [pcb] [           main] m.p.springdotenv.DotenvPropertySource    : Initializing Dotenv with DotenvConfig{directory=null, filename=null, ignoreIfMalformed=false, ignoreIfMissing=true, systemProperties=false, prefix=null}
2024-07-12T11:28:15.487+05:30  INFO 17740 --- [pcb] [           main] com.exampleone.pcb.PcbApplicationTests   : Starting PcbApplicationTests using Java 17.0.11 with PID 17740 (started by Shashika Fernando in C:\project1\pcb\pcb)
2024-07-12T11:28:15.489+05:30  INFO 17740 --- [pcb] [           main] com.exampleone.pcb.PcbApplicationTests   : No active profile set, falling back to 1 default profile: "default"
2024-07-12T11:28:16.652+05:30  INFO 17740 --- [pcb] [           main] .s.d.r.c.RepositoryConfigurationDelegate : Bootstrapping Spring Data MongoDB repositories in DEFAULT mode.
2024-07-12T11:28:16.741+05:30  INFO 17740 --- [pcb] [           main] .s.d.r.c.RepositoryConfigurationDelegate : Finished Spring Data repository scanning in 76 ms. Found 1 MongoDB repository interface.
2024-07-12T11:28:17.812+05:30  INFO 17740 --- [pcb] [           main] org.mongodb.driver.client                : MongoClient with metadata {"driver": {"name": "mongo-java-driver|sync|spring-boot", "version": "5.0.1"}, "os": {"type": "Windows", "name": "Windows 11", "architecture": "amd64", "version": "10.0"}, "platform": "Java/OpenLogic/17.0.11+9-adhoc..jdk17u"} created with settings MongoClientSettings{readPreference=primary, writeConcern=WriteConcern{w=null, wTimeout=null ms, journal=null}, retryWrites=true, retryReads=true, readConcern=ReadConcern{level=null}, credential=MongoCredential{mechanism=null, userName='shashikauda', source='admin', password=<hidden>, mechanismProperties=<hidden>}, transportSettings=null, commandListeners=[], codecRegistry=ProvidersCodecRegistry{codecProviders=[ValueCodecProvider{}, BsonValueCodecProvider{}, DBRefCodecProvider{}, DBObjectCodecProvider{}, DocumentCodecProvider{}, CollectionCodecProvider{}, IterableCodecProvider{}, MapCodecProvider{}, GeoJsonCodecProvider{}, GridFSFileCodecProvider{}, Jsr310CodecProvider{}, JsonObjectCodecProvider{}, BsonCodecProvider{}, EnumCodecProvider{}, com.mongodb.client.model.mql.ExpressionCodecProvider@29a33620, com.mongodb.Jep395RecordCodecProvider@ea04cab, com.mongodb.KotlinCodecProvider@134f8ef6]}, loggerSettings=LoggerSettings{maxDocumentLength=1000}, clusterSettings={hosts=[127.0.0.1:27017], srvHost=cluster0.vvqcu8r.mongodb.net, srvServiceName=mongodb, mode=MULTIPLE, requiredClusterType=REPLICA_SET, requiredReplicaSetName='atlas-f0ozlg-shard-0', serverSelector='null', clusterListeners='[]', serverSelectionTimeout='30000 ms', localThreshold='15 ms'}, socketSettings=SocketSettings{connectTimeoutMS=10000, readTimeoutMS=0, receiveBufferSize=0, proxySettings=ProxySettings{host=null, port=null, username=null, password=null}}, heartbeatSocketSettings=SocketSettings{connectTimeoutMS=10000, readTimeoutMS=10000, receiveBufferSize=0, proxySettings=ProxySettings{host=null, port=null, username=null, password=null}}, connectionPoolSettings=ConnectionPoolSettings{maxSize=100, minSize=0, maxWaitTimeMS=120000, maxConnectionLifeTimeMS=0, maxConnectionIdleTimeMS=0, maintenanceInitialDelayMS=0, maintenanceFrequencyMS=60000, connectionPoolListeners=[], maxConnecting=2}, serverSettings=ServerSettings{heartbeatFrequencyMS=10000, minHeartbeatFrequencyMS=500, serverListeners='[]', serverMonitorListeners='[]'}, sslSettings=SslSettings{enabled=true, invalidHostNameAllowed=false, context=null}, applicationName='null', compressorList=[], uuidRepresentation=JAVA_LEGACY, serverApi=null, autoEncryptionSettings=null, dnsClient=null, inetAddressResolver=null, contextProvider=null}
2024-07-12T11:28:17.836+05:30  INFO 17740 --- [pcb] [u8r.mongodb.net] org.mongodb.driver.cluster               : Adding discovered server ac-6z66dop-shard-00-01.vvqcu8r.mongodb.net:27017 to client view of cluster
2024-07-12T11:28:17.900+05:30  INFO 17740 --- [pcb] [u8r.mongodb.net] org.mongodb.driver.cluster               : Adding discovered server ac-6z66dop-shard-00-00.vvqcu8r.mongodb.net:27017 to client view of cluster
2024-07-12T11:28:17.904+05:30  INFO 17740 --- [pcb] [u8r.mongodb.net] org.mongodb.driver.cluster               : Adding discovered server ac-6z66dop-shard-00-02.vvqcu8r.mongodb.net:27017 to client view of cluster
2024-07-12T11:28:18.737+05:30  INFO 17740 --- [pcb] [ngodb.net:27017] org.mongodb.driver.cluster               : Monitor thread successfully connected to server with description ServerDescription{address=ac-6z66dop-shard-00-02.vvqcu8r.mongodb.net:27017, type=REPLICA_SET_PRIMARY, state=CONNECTED, ok=true, minWireVersion=0, maxWireVersion=21, maxDocumentSize=16777216, logicalSessionTimeoutMinutes=30, roundTripTimeNanos=461292200, setName='atlas-f0ozlg-shard-0', canonicalAddress=ac-6z66dop-shard-00-02.vvqcu8r.mongodb.net:27017, hosts=[ac-6z66dop-shard-00-00.vvqcu8r.mongodb.net:27017, ac-6z66dop-shard-00-01.vvqcu8r.mongodb.net:27017, ac-6z66dop-shard-00-02.vvqcu8r.mongodb.net:27017], passives=[], arbiters=[], primary='ac-6z66dop-shard-00-02.vvqcu8r.mongodb.net:27017', tagSet=TagSet{[Tag{name='availabilityZone', value='aps1-az2'}, Tag{name='diskState', value='READY'}, Tag{name='nodeType', value='ELECTABLE'}, Tag{name='provider', value='AWS'}, Tag{name='region', value='AP_SOUTH_1'}, Tag{name='workloadType', value='OPERATIONAL'}]}, electionId=7fffffff000000000000001f, setVersion=34, topologyVersion=TopologyVersion{processId=668edbf96ab0ea43a1098c47, counter=6}, lastWriteDate=Fri Jul 12 11:27:23 IST 2024, lastUpdateTimeNanos=5231650678900}
2024-07-12T11:28:18.742+05:30  INFO 17740 --- [pcb] [ngodb.net:27017] org.mongodb.driver.cluster               : Monitor thread successfully connected to server with description ServerDescription{address=ac-6z66dop-shard-00-01.vvqcu8r.mongodb.net:27017, type=REPLICA_SET_SECONDARY, state=CONNECTED, ok=true, minWireVersion=0, maxWireVersion=21, maxDocumentSize=16777216, logicalSessionTimeoutMinutes=30, roundTripTimeNanos=461303300, setName='atlas-f0ozlg-shard-0', canonicalAddress=ac-6z66dop-shard-00-01.vvqcu8r.mongodb.net:27017, hosts=[ac-6z66dop-shard-00-00.vvqcu8r.mongodb.net:27017, ac-6z66dop-shard-00-01.vvqcu8r.mongodb.net:27017, ac-6z66dop-shard-00-02.vvqcu8r.mongodb.net:27017], passives=[], arbiters=[], primary='ac-6z66dop-shard-00-02.vvqcu8r.mongodb.net:27017', tagSet=TagSet{[Tag{name='availabilityZone', value='aps1-az3'}, Tag{name='diskState', value='READY'}, Tag{name='nodeType', value='ELECTABLE'}, Tag{name='provider', value='AWS'}, Tag{name='region', value='AP_SOUTH_1'}, Tag{name='workloadType', value='OPERATIONAL'}]}, electionId=null, setVersion=34, topologyVersion=TopologyVersion{processId=668edc4d2d796787cd725a9d, counter=3}, lastWriteDate=Fri Jul 12 11:27:23 IST 2024, lastUpdateTimeNanos=5231650669100}
2024-07-12T11:28:18.742+05:30  INFO 17740 --- [pcb] [ngodb.net:27017] org.mongodb.driver.cluster               : Monitor thread successfully connected to server with description ServerDescription{address=ac-6z66dop-shard-00-00.vvqcu8r.mongodb.net:27017, type=REPLICA_SET_SECONDARY, state=CONNECTED, ok=true, minWireVersion=0, maxWireVersion=21, maxDocumentSize=16777216, logicalSessionTimeoutMinutes=30, roundTripTimeNanos=461431400, setName='atlas-f0ozlg-shard-0', canonicalAddress=ac-6z66dop-shard-00-00.vvqcu8r.mongodb.net:27017, hosts=[ac-6z66dop-shard-00-00.vvqcu8r.mongodb.net:27017, ac-6z66dop-shard-00-01.vvqcu8r.mongodb.net:27017, ac-6z66dop-shard-00-02.vvqcu8r.mongodb.net:27017], passives=[], arbiters=[], primary='ac-6z66dop-shard-00-02.vvqcu8r.mongodb.net:27017', tagSet=TagSet{[Tag{name='availabilityZone', value='aps1-az1'}, Tag{name='diskState', value='READY'}, Tag{name='nodeType', value='ELECTABLE'}, Tag{name='provider', value='AWS'}, Tag{name='region', value='AP_SOUTH_1'}, Tag{name='workloadType', value='OPERATIONAL'}]}, electionId=null, setVersion=34, topologyVersion=TopologyVersion{processId=668edba58de2b0130df3895a, counter=4}, lastWriteDate=Fri Jul 12 11:27:23 IST 2024, lastUpdateTimeNanos=5231650711200}
2024-07-12T11:28:18.745+05:30  INFO 17740 --- [pcb] [ngodb.net:27017] org.mongodb.driver.cluster               : Discovered replica set primary ac-6z66dop-shard-00-02.vvqcu8r.mongodb.net:27017 with max election id 7fffffff000000000000001f and max set version 34
2024-07-12T11:28:19.752+05:30  INFO 17740 --- [pcb] [           main] com.exampleone.pcb.PcbApplicationTests   : Started PcbApplicationTests in 4.843 seconds (process running for 6.788)
]]></system-out>
  </testcase>
</testsuite>